<?xml version="1.0" encoding="utf-8"?><testsuites name="pytest tests"><testsuite name="pytest" errors="0" failures="0" skipped="0" tests="11" time="10.996" timestamp="2025-12-30T14:45:03.595790+00:00" hostname="agent-env-b7a9f831-ca5e-48db-ac23-e4ddbb71013c"><testcase classname="tests.test_bye_logic.TestByeLogic" name="test_bye_logic_5_sections" time="1.213" /><testcase classname="tests.test_bye_logic.TestByeLogic" name="test_bye_logic_3_sections" time="0.855" /><testcase classname="tests.test_bye_logic.TestByeLogic" name="test_bye_logic_4_sections_even" time="1.004" /><testcase classname="tests.test_bye_logic.TestByeLogic" name="test_bye_logic_7_sections" time="1.104" /><testcase classname="tests.test_bye_logic.TestByeLogic" name="test_bye_participants_api_endpoint" time="1.048" /><testcase classname="tests.test_bye_logic.TestByeLogic" name="test_public_bracket_includes_bye_participants" time="1.104" /><testcase classname="tests.test_bye_logic.TestByeLogic" name="test_advance_knockout_carries_bye_forward" time="1.147" /><testcase classname="tests.test_bye_logic.TestByeLogic" name="test_bye_selection_based_on_performance" time="1.007" /><testcase classname="tests.test_bye_logic.TestByeApiValidation" name="test_bye_endpoint_requires_auth" time="0.620" /><testcase classname="tests.test_bye_logic.TestByeApiValidation" name="test_bye_endpoint_returns_empty_before_knockout" time="0.568" /><testcase classname="tests.test_bye_logic.TestByeApiValidation" name="test_public_bracket_404_for_invalid_championship" time="0.656" /></testsuite></testsuites>